<?xml version="1.0" encoding="utf-8"?><testsuites name="pytest tests"><testsuite name="pytest" errors="0" failures="0" skipped="0" tests="99" time="1.815" timestamp="2026-03-07T00:02:35.215210+01:00" hostname="pop-os"><testcase classname="backend.tests.test_api_routes_uniqueness" name="test_routes_have_unique_method_and_path" time="0.000" /><testcase classname="backend.tests.test_api_routes_uniqueness" name="test_openapi_operation_ids_are_unique" time="0.158" /><testcase classname="backend.tests.test_auth_controller_logging" name="test_user_login_failure_logs_do_not_expose_username_or_password" time="0.001" /><testcase classname="backend.tests.test_auth_controller_logging" name="test_admin_login_failure_logs_do_not_expose_username_or_password" time="0.001" /><testcase classname="backend.tests.test_auth_security" name="test_verify_password_positive_matching_pbkdf2_hash" time="0.076" /><testcase classname="backend.tests.test_auth_security" name="test_verify_password_negative_wrong_password" time="0.076" /><testcase classname="backend.tests.test_auth_security" name="test_verify_password_rejects_plaintext_stored_password" time="0.000" /><testcase classname="backend.tests.test_auth_security" name="test_verify_password_rejects_malformed_pbkdf2_hash" time="0.000" /><testcase classname="backend.tests.test_auth_session" name="test_get_session_returns_none_when_token_not_found" time="0.010" /><testcase classname="backend.tests.test_auth_session" name="test_get_session_returns_data_for_valid_session" time="0.003" /><testcase classname="backend.tests.test_auth_session" name="test_get_session_returns_none_and_deletes_expired_session" time="0.003" /><testcase classname="backend.tests.test_auth_session" name="test_create_session_cleans_expired_sessions_and_creates_new_session" time="0.003" /><testcase classname="backend.tests.test_auth_session" name="test_create_session_handles_already_open_transaction" time="0.003" /><testcase classname="backend.tests.test_authorize_access_use_case" name="test_authorize_pena_access_positive_admin" time="0.000" /><testcase classname="backend.tests.test_authorize_access_use_case" name="test_authorize_pena_access_negative_admin_denied" time="0.000" /><testcase classname="backend.tests.test_authorize_access_use_case" name="test_authorize_pena_access_edge_invalid_session_type" time="0.000" /><testcase classname="backend.tests.test_authorize_access_use_case" name="test_authorize_pena_access_edge_user_member" time="0.000" /><testcase classname="backend.tests.test_authorize_access_use_case" name="test_authorize_player_access_positive_user_owner" time="0.000" /><testcase classname="backend.tests.test_authorize_access_use_case" name="test_authorize_player_access_negative_user_denied" time="0.000" /><testcase classname="backend.tests.test_authorize_access_use_case" name="test_authorize_player_access_edge_admin_managed" time="0.000" /><testcase classname="backend.tests.test_authorize_access_use_case" name="test_authorize_player_access_edge_invalid_session_type" time="0.000" /><testcase classname="backend.tests.test_generate_pena_link_token_use_case" name="test_generate_link_token_positive_returns_token_data" time="0.000" /><testcase classname="backend.tests.test_generate_pena_link_token_use_case" name="test_generate_link_token_negative_access_denied_maps_error" time="0.000" /><testcase classname="backend.tests.test_generate_pena_link_token_use_case" name="test_generate_link_token_edge_small_ttl_forwarded" time="0.000" /><testcase classname="backend.tests.test_generate_pena_link_token_use_case" name="test_generate_link_token_edge_large_ttl_forwarded" time="0.000" /><testcase classname="backend.tests.test_link_user_to_pena_use_case" name="test_link_user_positive_normalizes_payload" time="0.000" /><testcase classname="backend.tests.test_link_user_to_pena_use_case" name="test_link_user_negative_maps_invalid_token" time="0.000" /><testcase classname="backend.tests.test_link_user_to_pena_use_case" name="test_link_user_edge_blank_token_rejected_before_repo" time="0.000" /><testcase classname="backend.tests.test_link_user_to_pena_use_case" name="test_link_user_edge_blank_optional_fields_become_none" time="0.000" /><testcase classname="backend.tests.test_link_user_to_pena_use_case" name="test_link_user_maps_already_linked_error" time="0.000" /><testcase classname="backend.tests.test_link_user_to_pena_use_case" name="test_link_user_maps_user_profile_not_found_error" time="0.000" /><testcase classname="backend.tests.test_main_runtime_config" name="test_resolve_cors_origins_uses_dev_defaults" time="0.000" /><testcase classname="backend.tests.test_main_runtime_config" name="test_resolve_cors_origins_uses_explicit_env" time="0.000" /><testcase classname="backend.tests.test_main_runtime_config" name="test_resolve_cors_allow_credentials_disables_with_wildcard" time="0.001" /><testcase classname="backend.tests.test_main_runtime_config" name="test_include_debug_error_detail_depends_on_env" time="0.000" /><testcase classname="backend.tests.test_main_runtime_config" name="test_global_exception_handler_returns_detailed_error_in_test" time="0.001" /><testcase classname="backend.tests.test_main_runtime_config" name="test_global_exception_handler_returns_generic_error_in_production" time="0.001" /><testcase classname="backend.tests.test_main_runtime_config" name="test_global_exception_handler_returns_generic_error_without_opt_in" time="0.001" /><testcase classname="backend.tests.test_manage_pena_membership_use_case" name="test_update_for_user_positive_normalizes_blank_to_none" time="0.000" /><testcase classname="backend.tests.test_manage_pena_membership_use_case" name="test_update_for_user_negative_rejects_empty_patch_payload" time="0.000" /><testcase classname="backend.tests.test_manage_pena_membership_use_case" name="test_get_for_user_maps_missing_membership_to_access_denied" time="0.000" /><testcase classname="backend.tests.test_manage_pena_membership_use_case" name="test_update_for_admin_maps_not_managed_to_access_denied" time="0.000" /><testcase classname="backend.tests.test_manage_pena_membership_use_case" name="test_update_for_admin_maps_missing_membership_to_conflict_domain_error" time="0.000" /><testcase classname="backend.tests.test_manage_pena_membership_use_case" name="test_get_for_player_maps_pena_and_player_not_found" time="0.000" /><testcase classname="backend.tests.test_manage_pena_membership_use_case" name="test_remove_for_user_maps_user_profile_not_found" time="0.000" /><testcase classname="backend.tests.test_manage_pena_membership_use_case" name="test_create_guest_for_admin_positive_normalizes_blank_to_none" time="0.000" /><testcase classname="backend.tests.test_manage_pena_membership_use_case" name="test_create_guest_for_admin_rejects_invalid_payload" time="0.000" /><testcase classname="backend.tests.test_manage_pena_membership_use_case" name="test_create_guest_for_admin_maps_invalid_nationality" time="0.000" /><testcase classname="backend.tests.test_manage_pena_seasons_use_case" name="test_list_for_pena_returns_page_data" time="0.000" /><testcase classname="backend.tests.test_manage_pena_seasons_use_case" name="test_get_by_guid_raises_not_found_when_missing" time="0.000" /><testcase classname="backend.tests.test_manage_pena_seasons_use_case" name="test_get_by_guid_maps_pena_not_found" time="0.000" /><testcase classname="backend.tests.test_manage_pena_seasons_use_case" name="test_get_active_for_pena_raises_not_found_when_missing" time="0.000" /><testcase classname="backend.tests.test_manage_pena_seasons_use_case" name="test_get_active_for_pena_maps_pena_not_found" time="0.000" /><testcase classname="backend.tests.test_manage_pena_seasons_use_case" name="test_get_active_for_pena_passes_reference_date_to_repository" time="0.000" /><testcase classname="backend.tests.test_manage_pena_seasons_use_case" name="test_create_for_admin_rejects_invalid_date_range" time="0.000" /><testcase classname="backend.tests.test_manage_pena_seasons_use_case" name="test_update_for_admin_positive_partial_update" time="0.000" /><testcase classname="backend.tests.test_manage_pena_seasons_use_case" name="test_update_for_admin_rejects_empty_patch_payload" time="0.000" /><testcase classname="backend.tests.test_manage_pena_seasons_use_case" name="test_update_for_admin_rejects_null_date_values" time="0.000" /><testcase classname="backend.tests.test_manage_pena_seasons_use_case" name="test_update_for_admin_maps_access_denied" time="0.000" /><testcase classname="backend.tests.test_manage_pena_seasons_use_case" name="test_delete_for_admin_positive_calls_repository" time="0.000" /><testcase classname="backend.tests.test_manage_pena_seasons_use_case" name="test_create_for_admin_maps_pena_not_found" time="0.000" /><testcase classname="backend.tests.test_manage_pena_seasons_use_case" name="test_create_for_admin_maps_access_denied_and_overlap_errors" time="0.000" /><testcase classname="backend.tests.test_manage_pena_seasons_use_case" name="test_update_and_delete_for_admin_map_not_found_access_and_overlap_errors" time="0.000" /><testcase classname="backend.tests.test_manage_season_competition_use_case" name="test_get_active_maps_not_found_and_passes_reference_date" time="0.000" /><testcase classname="backend.tests.test_manage_season_competition_use_case" name="test_create_season_validates_range_and_maps_errors" time="0.000" /><testcase classname="backend.tests.test_manage_season_competition_use_case" name="test_register_player_maps_expected_errors" time="0.000" /><testcase classname="backend.tests.test_manage_season_competition_use_case" name="test_register_players_bulk_validates_and_forwards_cleaned_guids" time="0.000" /><testcase classname="backend.tests.test_manage_season_competition_use_case" name="test_unregister_player_maps_in_match_error" time="0.000" /><testcase classname="backend.tests.test_manage_season_competition_use_case" name="test_update_player_stats_validates_payload_and_values" time="0.000" /><testcase classname="backend.tests.test_manage_season_competition_use_case" name="test_update_player_stats_maps_invalid_stats_error" time="0.000" /><testcase classname="backend.tests.test_manage_season_competition_use_case" name="test_list_players_and_standings_passthrough" time="0.000" /><testcase classname="backend.tests.test_manage_season_competition_use_case" name="test_create_match_rejects_same_player_before_repo" time="0.000" /><testcase classname="backend.tests.test_manage_season_competition_use_case" name="test_create_match_and_update_result_is_blocked" time="0.000" /><testcase classname="backend.tests.test_manage_season_competition_use_case" name="test_update_match_rejects_negative_scores" time="0.000" /><testcase classname="backend.tests.test_manage_season_competition_use_case" name="test_update_match_validates_payload_and_maps_not_found" time="0.000" /><testcase classname="backend.tests.test_manage_season_competition_use_case" name="test_create_match_with_lineups_rejects_invalid_roster" time="0.000" /><testcase classname="backend.tests.test_manage_season_competition_use_case" name="test_update_match_lineups_validates_and_maps_locked_error" time="0.000" /><testcase classname="backend.tests.test_manage_season_competition_use_case" name="test_create_match_with_lineups_and_update_stats_positive" time="0.000" /><testcase classname="backend.tests.test_manage_season_competition_use_case" name="test_delete_match_maps_not_found_and_passthrough" time="0.000" /><testcase classname="backend.tests.test_manage_season_competition_use_case" name="test_update_match_stats_maps_validation_and_mismatch_errors" time="0.000" /><testcase classname="backend.tests.test_manage_season_competition_use_case" name="test_list_and_get_match_detail_passthrough" time="0.000" /><testcase classname="backend.tests.test_manage_season_competition_use_case" name="test_maps_generic_access_and_not_found_errors" time="0.000" /><testcase classname="backend.tests.test_manage_season_competition_use_case" name="test_get_match_insights_validates_payload" time="0.000" /><testcase classname="backend.tests.test_manage_season_competition_use_case" name="test_get_match_insights_computes_report_from_closed_matches" time="0.001" /><testcase classname="backend.tests.test_manage_season_competition_use_case" name="test_collect_match_insight_details_preserves_position_and_rating" time="0.000" /><testcase classname="backend.tests.test_register_admin_use_case" name="test_register_admin_positive_normalizes_and_persists" time="0.039" /><testcase classname="backend.tests.test_register_admin_use_case" name="test_register_admin_negative_duplicate_username" time="0.038" /><testcase classname="backend.tests.test_register_admin_use_case" name="test_register_admin_edge_empty_username" time="0.000" /><testcase classname="backend.tests.test_register_admin_use_case" name="test_register_admin_edge_empty_name" time="0.000" /><testcase classname="backend.tests.test_register_user_use_case" name="test_register_user_positive_normalizes_and_persists" time="0.038" /><testcase classname="backend.tests.test_register_user_use_case" name="test_register_user_negative_duplicate_username" time="0.039" /><testcase classname="backend.tests.test_register_user_use_case" name="test_register_user_edge_empty_required_field_raises" time="0.000" /><testcase classname="backend.tests.test_register_user_use_case" name="test_register_user_edge_invalid_nationality_from_repository" time="0.039" /><testcase classname="backend.tests.test_season_competition_repository" name="test_register_player_for_admin_maps_commit_integrity_error_to_conflict" time="0.001" /><testcase classname="backend.tests.test_season_competition_repository" name="test_register_players_bulk_maps_commit_integrity_error_to_conflict" time="0.002" /><testcase classname="backend.tests.test_update_player_profile_use_case" name="test_update_profile_positive_normalizes_fields" time="0.000" /><testcase classname="backend.tests.test_update_player_profile_use_case" name="test_update_profile_negative_invalid_nationality_from_repository" time="0.000" /><testcase classname="backend.tests.test_update_player_profile_use_case" name="test_update_profile_edge_empty_required_value_raises" time="0.000" /><testcase classname="backend.tests.test_update_player_profile_use_case" name="test_update_profile_edge_empty_optional_surname2_becomes_none" time="0.000" /></testsuite></testsuites>